<?xml version="1.0" encoding="UTF-8"?>
<!-- Generated by org.testng.reporters.JUnitReportReporter -->
<testsuite hostname="DESKTOP-LIGIBO8" failures="0" tests="1" name="logExampleTestNG.NOPCommApp" time="22.955" errors="0" timestamp="1 Aug 2023 13:26:37 GMT">
  <testcase classname="logExampleTestNG.NOPCommApp" name="verifyLoginTest" time="22.955"/>
</testsuite> <!-- logExampleTestNG.NOPCommApp -->
